<?xml version="1.0" encoding="UTF-8"?>
<!-- Generated by org.testng.reporters.JUnitXMLReporter -->
<testsuite hostname="DELL7490-2311" ignored="0" name="Submit form" tests="3" failures="0" timestamp="18 Aug 2020 15:51:26 GMT" time="0.058" errors="0">
  <testcase name="f1" time="0.007" classname="testScripts.TestNGDemo"/>
  <testcase name="f2" time="0.002" classname="testScripts.TestNGDemo"/>
  <testcase name="f3" time="0.002" classname="testScripts.TestNGDemo"/>
</testsuite> <!-- Submit form -->
