<?xml version="1.0" encoding="UTF-8"?>
<!-- Generated by org.testng.reporters.JUnitXMLReporter -->
<testsuite hostname="DELL7490-2311" ignored="1" name="sanity test" tests="51" failures="1" timestamp="26 Aug 2020 15:56:04 GMT" time="38.78" errors="0">
  <testcase name="dataProviderTest" time="0.006" classname="testScripts.DataProviderDemo"/>
  <testcase name="dataProviderTest" time="0.004" classname="testScripts.DataProviderDemo"/>
  <testcase name="dataProviderTest" time="0.001" classname="testScripts.DataProviderDemo"/>
  <testcase name="dataProviderTestUsingObject" time="0.001" classname="testScripts.DataProviderDemo"/>
  <testcase name="dataProviderTestUsingObject" time="0.001" classname="testScripts.DataProviderDemo"/>
  <testcase name="testEven" time="0.005" classname="testScripts.DataProviderDemo">
    <failure type="java.lang.AssertionError" message="1 is not as expected expected [true] but found [false]">
      <![CDATA[java.lang.AssertionError: 1 is not as expected expected [true] but found [false]
at testScripts.DataProviderDemo.testEven(DataProviderDemo.java:51)
... Removed 30 stack frames]]>
    </failure>
  </testcase> <!-- testEven -->
  <testcase name="testEven" time="0.002" classname="testScripts.DataProviderDemo"/>
  <testcase name="elemementHandle" time="2.949" classname="testScripts.ElementsInteraction"/>
  <testcase name="verifyElementClickable" time="0.262" classname="testScripts.ElementsInteraction"/>
  <testcase name="f1" time="0.002" classname="testScripts.TestNGDemo"/>
  <testcase name="f2" time="0.002" classname="testScripts.TestNGDemo"/>
  <testcase name="f3" time="0.001" classname="testScripts.TestNGDemo"/>
  <testcase name="verifyDemoLinkNavigation" time="2.786" classname="testScripts.SubmitForm"/>
  <testcase name="verifySubmitFormUI" time="6.369" classname="testScripts.SubmitForm"/>
  <testcase name="f5" time="0.001" classname="testScripts.TestNGDemo2"/>
  <testcase name="f5" time="0.001" classname="testScripts.TestNGDemo2"/>
  <testcase name="f5" time="0.001" classname="testScripts.TestNGDemo2"/>
  <testcase name="f5" time="0.002" classname="testScripts.TestNGDemo2"/>
  <testcase name="f5" time="0.0" classname="testScripts.TestNGDemo2"/>
  <testcase name="f5" time="0.002" classname="testScripts.TestNGDemo2"/>
  <testcase name="f5" time="0.002" classname="testScripts.TestNGDemo2"/>
  <testcase name="f5" time="0.001" classname="testScripts.TestNGDemo2"/>
  <testcase name="f5" time="0.001" classname="testScripts.TestNGDemo2"/>
  <testcase name="f5" time="0.002" classname="testScripts.TestNGDemo2"/>
  <testcase name="f5" time="0.0" classname="testScripts.TestNGDemo2"/>
  <testcase name="f5" time="0.0" classname="testScripts.TestNGDemo2"/>
  <testcase name="f5" time="0.005" classname="testScripts.TestNGDemo2"/>
  <testcase name="f5" time="0.008" classname="testScripts.TestNGDemo2"/>
  <testcase name="f5" time="0.001" classname="testScripts.TestNGDemo2"/>
  <testcase name="f5" time="0.004" classname="testScripts.TestNGDemo2"/>
  <testcase name="f5" time="0.002" classname="testScripts.TestNGDemo2"/>
  <testcase name="f5" time="0.001" classname="testScripts.TestNGDemo2"/>
  <testcase name="f5" time="0.001" classname="testScripts.TestNGDemo2"/>
  <testcase name="f5" time="0.001" classname="testScripts.TestNGDemo2"/>
  <testcase name="f6" time="0.001" classname="testScripts.TestNGDemo2"/>
  <testcase name="disableTestDemo" time="0.001" classname="testScripts.TestNGDemo3"/>
  <testcase name="getServiceData" time="0.001" classname="testScripts.TestNGDemo3"/>
  <testcase name="parameterTest" time="0.001" classname="testScripts.TestNGDemo3"/>
  <testcase name="sanityTest" time="0.0" classname="testScripts.TestNGDemo3"/>
  <testcase name="smokeTest" time="0.0" classname="testScripts.TestNGDemo3"/>
  <testcase name="invocationCountDemo" time="0.001" classname="testScripts.TestNGDemo3"/>
  <testcase name="invocationCountDemo" time="0.001" classname="testScripts.TestNGDemo3"/>
  <testcase name="invocationCountDemo" time="0.001" classname="testScripts.TestNGDemo3"/>
  <testcase name="invocationCountDemo" time="0.002" classname="testScripts.TestNGDemo3"/>
  <testcase name="invocationCountDemo" time="0.001" classname="testScripts.TestNGDemo3"/>
  <testcase name="invocationCountDemo" time="0.001" classname="testScripts.TestNGDemo3"/>
  <testcase name="invocationCountDemo" time="0.001" classname="testScripts.TestNGDemo3"/>
  <testcase name="invocationCountDemo" time="0.0" classname="testScripts.TestNGDemo3"/>
  <testcase name="invocationCountDemo" time="0.006" classname="testScripts.TestNGDemo3"/>
  <testcase name="regressionTest" time="0.001" classname="testScripts.TestNGDemo3"/>
  <testcase name="validateInUI" time="0.0" classname="testScripts.TestNGDemo3"/>
  <testcase name="f4" time="0.0" classname="testScripts.TestNGDemo2">
    <ignored/>
  </testcase> <!-- f4 -->
</testsuite> <!-- sanity test -->
