<?xml version="1.0" encoding="UTF-8"?>
<!-- Generated by org.testng.reporters.JUnitXMLReporter -->
<testsuite hostname="DELL7490-2311" ignored="1" name="Test" tests="2" failures="1" timestamp="29 Aug 2020 07:11:30 GMT" time="21.274" errors="0">
  <testcase name="verifyDemoLinkNavigation" time="1.389" classname="testScripts.SubmitForm"/>
  <testcase name="verifySubmitFormUI" time="7.32" classname="testScripts.SubmitForm">
    <failure type="java.lang.AssertionError" message="expected [true] but found [false]">
      <![CDATA[java.lang.AssertionError: expected [true] but found [false]
at testScripts.SubmitForm.verifySubmitFormUI(SubmitForm.java:68)
... Removed 31 stack frames]]>
    </failure>
  </testcase> <!-- verifySubmitFormUI -->
  <testcase name="verifySubmitFormUISkipped" time="0.0" classname="testScripts.SubmitForm">
    <ignored/>
  </testcase> <!-- verifySubmitFormUISkipped -->
</testsuite> <!-- Test -->
