<?xml version="1.0" encoding="UTF-8"?>
<testsuite name="TestSuite" time="12.26" tests="4" errors="0" skipped="0" failures="0">
  <properties>
[...]
</properties>
  <testcase name="verifyDemoLinkNavigation" classname="testScripts.SubmitForm" time="1.439"/>
  <testcase name="verifySubmitFormUI" classname="testScripts.SubmitForm" time="3.996"/>
  <testcase name="elemementHandle" classname="testScripts.ElementsInteraction" time="6.639"/>
  <testcase name="verifyElementClickable" classname="testScripts.ElementsInteraction" time="0.186"/>
</testsuite>