<?xml version="1.0" encoding="UTF-8"?>
<testng-results skipped="0" failed="1" ignored="1" total="3" passed="1">
  <reporter-output>
    <line>
      <![CDATA[Clicking on Element Demo 1 link begins]]>
    </line>
    <line>
      <![CDATA[UI Element Demo 1 link is clicked successfully]]>
    </line>
    <line>
      <![CDATA[Clicking on Element Demo 1 link ends]]>
    </line>
    <line>
      <![CDATA[UI element zip Input TextBox is displaying properly]]>
    </line>
    <line>
      <![CDATA[##############Entering text as 500089########### Begins]]>
    </line>
    <line>
      <![CDATA[##############Clearing the textbox########### Begins]]>
    </line>
    <line>
      <![CDATA[##############Clearing the textbox########### ends]]>
    </line>
    <line>
      <![CDATA[##############Entering text as 500089########### end]]>
    </line>
    <line>
      <![CDATA[Taking screenshot for clearancePlease find the attached screenshot <a href="file:///D:\tutor\seleniumBasicsProject/screenshots/screenshots_29_08_2020_12_41_24.png">D:\tutor\seleniumBasicsProject\screenshots\screenshots_29_08_2020_12_41_24.png</a>]]>
    </line>
    <line>
      <![CDATA[UI element website Input TextBox is displaying properly]]>
    </line>
    <line>
      <![CDATA[##############Entering text as www.demoSite.com########### Begins]]>
    </line>
    <line>
      <![CDATA[##############Clearing the textbox########### Begins]]>
    </line>
    <line>
      <![CDATA[##############Clearing the textbox########### ends]]>
    </line>
    <line>
      <![CDATA[##############Entering text as www.demoSite.com########### end]]>
    </line>
    <line>
      <![CDATA[Taking screenshot for clearancePlease find the attached screenshot <a href="file:///D:\tutor\seleniumBasicsProject/screenshots/screenshots_29_08_2020_12_41_24.png">D:\tutor\seleniumBasicsProject\screenshots\screenshots_29_08_2020_12_41_24.png</a>]]>
    </line>
    <line>
      <![CDATA[UI element address Input TextBox is displaying properly]]>
    </line>
    <line>
      <![CDATA[##############Entering text as Chanda Nagar, Hyderabad########### Begins]]>
    </line>
    <line>
      <![CDATA[##############Clearing the textbox########### Begins]]>
    </line>
    <line>
      <![CDATA[##############Clearing the textbox########### ends]]>
    </line>
    <line>
      <![CDATA[##############Entering text as Chanda Nagar, Hyderabad########### end]]>
    </line>
    <line>
      <![CDATA[Taking screenshot for clearancePlease find the attached screenshot <a href="file:///D:\tutor\seleniumBasicsProject/screenshots/screenshots_29_08_2020_12_41_25.png">D:\tutor\seleniumBasicsProject\screenshots\screenshots_29_08_2020_12_41_25.png</a>]]>
    </line>
    <line>
      <![CDATA[UI element phone Input TextBox is displaying properly]]>
    </line>
    <line>
      <![CDATA[##############Entering text as 6261087789########### Begins]]>
    </line>
    <line>
      <![CDATA[##############Clearing the textbox########### Begins]]>
    </line>
    <line>
      <![CDATA[##############Clearing the textbox########### ends]]>
    </line>
    <line>
      <![CDATA[##############Entering text as 6261087789########### end]]>
    </line>
    <line>
      <![CDATA[Taking screenshot for clearancePlease find the attached screenshot <a href="file:///D:\tutor\seleniumBasicsProject/screenshots/screenshots_29_08_2020_12_41_26.png">D:\tutor\seleniumBasicsProject\screenshots\screenshots_29_08_2020_12_41_26.png</a>]]>
    </line>
    <line>
      <![CDATA[UI element city Input TextBox is displaying properly]]>
    </line>
    <line>
      <![CDATA[##############Entering text as Hyderabad########### Begins]]>
    </line>
    <line>
      <![CDATA[##############Clearing the textbox########### Begins]]>
    </line>
    <line>
      <![CDATA[##############Clearing the textbox########### ends]]>
    </line>
    <line>
      <![CDATA[##############Entering text as Hyderabad########### end]]>
    </line>
    <line>
      <![CDATA[Taking screenshot for clearancePlease find the attached screenshot <a href="file:///D:\tutor\seleniumBasicsProject/screenshots/screenshots_29_08_2020_12_41_26.png">D:\tutor\seleniumBasicsProject\screenshots\screenshots_29_08_2020_12_41_26.png</a>]]>
    </line>
    <line>
      <![CDATA[UI element last_name Input TextBox is displaying properly]]>
    </line>
    <line>
      <![CDATA[##############Entering text as Ramisetty########### Begins]]>
    </line>
    <line>
      <![CDATA[##############Clearing the textbox########### Begins]]>
    </line>
    <line>
      <![CDATA[##############Clearing the textbox########### ends]]>
    </line>
    <line>
      <![CDATA[##############Entering text as Ramisetty########### end]]>
    </line>
    <line>
      <![CDATA[Taking screenshot for clearancePlease find the attached screenshot <a href="file:///D:\tutor\seleniumBasicsProject/screenshots/screenshots_29_08_2020_12_41_27.png">D:\tutor\seleniumBasicsProject\screenshots\screenshots_29_08_2020_12_41_27.png</a>]]>
    </line>
    <line>
      <![CDATA[UI element comment Input TextBox is displaying properly]]>
    </line>
    <line>
      <![CDATA[##############Entering text as Added Comment for Automation########### Begins]]>
    </line>
    <line>
      <![CDATA[##############Clearing the textbox########### Begins]]>
    </line>
    <line>
      <![CDATA[##############Clearing the textbox########### ends]]>
    </line>
    <line>
      <![CDATA[##############Entering text as Added Comment for Automation########### end]]>
    </line>
    <line>
      <![CDATA[Taking screenshot for clearancePlease find the attached screenshot <a href="file:///D:\tutor\seleniumBasicsProject/screenshots/screenshots_29_08_2020_12_41_27.png">D:\tutor\seleniumBasicsProject\screenshots\screenshots_29_08_2020_12_41_27.png</a>]]>
    </line>
    <line>
      <![CDATA[UI element first_name Input TextBox is displaying properly]]>
    </line>
    <line>
      <![CDATA[##############Entering text as Naga Raju########### Begins]]>
    </line>
    <line>
      <![CDATA[##############Clearing the textbox########### Begins]]>
    </line>
    <line>
      <![CDATA[##############Clearing the textbox########### ends]]>
    </line>
    <line>
      <![CDATA[##############Entering text as Naga Raju########### end]]>
    </line>
    <line>
      <![CDATA[Taking screenshot for clearancePlease find the attached screenshot <a href="file:///D:\tutor\seleniumBasicsProject/screenshots/screenshots_29_08_2020_12_41_28.png">D:\tutor\seleniumBasicsProject\screenshots\screenshots_29_08_2020_12_41_28.png</a>]]>
    </line>
    <line>
      <![CDATA[UI element email Input TextBox is displaying properly]]>
    </line>
    <line>
      <![CDATA[##############Entering text as nagaraju145@gmail.com########### Begins]]>
    </line>
    <line>
      <![CDATA[##############Clearing the textbox########### Begins]]>
    </line>
    <line>
      <![CDATA[##############Clearing the textbox########### ends]]>
    </line>
    <line>
      <![CDATA[##############Entering text as nagaraju145@gmail.com########### end]]>
    </line>
    <line>
      <![CDATA[Taking screenshot for clearancePlease find the attached screenshot <a href="file:///D:\tutor\seleniumBasicsProject/screenshots/screenshots_29_08_2020_12_41_29.png">D:\tutor\seleniumBasicsProject\screenshots\screenshots_29_08_2020_12_41_29.png</a>]]>
    </line>
  </reporter-output>
  <suite name="Suite" duration-ms="21274" started-at="2020-08-29T07:11:08Z" finished-at="2020-08-29T07:11:30Z">
    <groups>
    </groups>
    <test name="Test" duration-ms="21274" started-at="2020-08-29T07:11:08Z" finished-at="2020-08-29T07:11:30Z">
      <class name="testScripts.SubmitForm">
        <test-method status="PASS" signature="runBeforeTest()[pri:0, instance:testScripts.SubmitForm@11438d26]" name="runBeforeTest" is-config="true" duration-ms="10" started-at="2020-08-29T07:11:08Z" finished-at="2020-08-29T07:11:08Z">
          <reporter-output>
          </reporter-output>
        </test-method> <!-- runBeforeTest -->
        <test-method status="PASS" signature="runBeforeMethod()[pri:0, instance:testScripts.SubmitForm@11438d26]" name="runBeforeMethod" is-config="true" duration-ms="6228" started-at="2020-08-29T07:11:08Z" finished-at="2020-08-29T07:11:15Z">
          <reporter-output>
          </reporter-output>
        </test-method> <!-- runBeforeMethod -->
        <test-method status="PASS" signature="verifyDemoLinkNavigation()[pri:0, instance:testScripts.SubmitForm@11438d26]" name="verifyDemoLinkNavigation" duration-ms="1389" started-at="2020-08-29T07:11:15Z" finished-at="2020-08-29T07:11:16Z">
          <reporter-output>
            <line>
              <![CDATA[Clicking on Element Demo 1 link begins]]>
            </line>
            <line>
              <![CDATA[UI Element Demo 1 link is clicked successfully]]>
            </line>
            <line>
              <![CDATA[Clicking on Element Demo 1 link ends]]>
            </line>
          </reporter-output>
        </test-method> <!-- verifyDemoLinkNavigation -->
        <test-method status="PASS" signature="runAfterMethod()[pri:0, instance:testScripts.SubmitForm@11438d26]" name="runAfterMethod" is-config="true" duration-ms="773" started-at="2020-08-29T07:11:16Z" finished-at="2020-08-29T07:11:17Z">
          <reporter-output>
          </reporter-output>
        </test-method> <!-- runAfterMethod -->
        <test-method status="PASS" signature="runBeforeMethod()[pri:0, instance:testScripts.SubmitForm@11438d26]" name="runBeforeMethod" is-config="true" duration-ms="5536" started-at="2020-08-29T07:11:17Z" finished-at="2020-08-29T07:11:22Z">
          <reporter-output>
          </reporter-output>
        </test-method> <!-- runBeforeMethod -->
        <test-method status="FAIL" signature="verifySubmitFormUI()[pri:0, instance:testScripts.SubmitForm@11438d26]" name="verifySubmitFormUI" duration-ms="7320" started-at="2020-08-29T07:11:22Z" finished-at="2020-08-29T07:11:30Z">
          <exception class="java.lang.AssertionError">
            <message>
              <![CDATA[expected [true] but found [false]]]>
            </message>
            <full-stacktrace>
              <![CDATA[java.lang.AssertionError: expected [true] but found [false]
at org.testng.Assert.fail(Assert.java:96)
at org.testng.Assert.failNotEquals(Assert.java:776)
at org.testng.Assert.assertEqualsImpl(Assert.java:137)
at org.testng.Assert.assertEquals(Assert.java:118)
at org.testng.Assert.assertEquals(Assert.java:568)
at org.testng.Assert.assertEquals(Assert.java:578)
at testScripts.SubmitForm.verifySubmitFormUI(SubmitForm.java:68)
at sun.reflect.NativeMethodAccessorImpl.invoke0(Native Method)
at sun.reflect.NativeMethodAccessorImpl.invoke(NativeMethodAccessorImpl.java:62)
at sun.reflect.DelegatingMethodAccessorImpl.invoke(DelegatingMethodAccessorImpl.java:43)
at java.lang.reflect.Method.invoke(Method.java:498)
at org.testng.internal.MethodInvocationHelper.invokeMethod(MethodInvocationHelper.java:124)
at org.testng.internal.Invoker.invokeMethod(Invoker.java:583)
at org.testng.internal.Invoker.invokeTestMethod(Invoker.java:719)
at org.testng.internal.Invoker.invokeTestMethods(Invoker.java:989)
at org.testng.internal.TestMethodWorker.invokeTestMethods(TestMethodWorker.java:125)
at org.testng.internal.TestMethodWorker.run(TestMethodWorker.java:109)
at org.testng.TestRunner.privateRun(TestRunner.java:648)
at org.testng.TestRunner.run(TestRunner.java:505)
at org.testng.SuiteRunner.runTest(SuiteRunner.java:455)
at org.testng.SuiteRunner.runSequentially(SuiteRunner.java:450)
at org.testng.SuiteRunner.privateRun(SuiteRunner.java:415)
at org.testng.SuiteRunner.run(SuiteRunner.java:364)
at org.testng.SuiteRunnerWorker.runSuite(SuiteRunnerWorker.java:52)
at org.testng.SuiteRunnerWorker.run(SuiteRunnerWorker.java:84)
at org.testng.TestNG.runSuitesSequentially(TestNG.java:1208)
at org.testng.TestNG.runSuitesLocally(TestNG.java:1137)
at org.testng.TestNG.runSuites(TestNG.java:1049)
at org.testng.TestNG.run(TestNG.java:1017)
at org.testng.remote.AbstractRemoteTestNG.run(AbstractRemoteTestNG.java:115)
at org.testng.remote.RemoteTestNG.initAndRun(RemoteTestNG.java:251)
at org.testng.remote.RemoteTestNG.main(RemoteTestNG.java:77)
]]>
            </full-stacktrace>
          </exception> <!-- java.lang.AssertionError -->
          <reporter-output>
            <line>
              <![CDATA[UI element zip Input TextBox is displaying properly]]>
            </line>
            <line>
              <![CDATA[##############Entering text as 500089########### Begins]]>
            </line>
            <line>
              <![CDATA[##############Clearing the textbox########### Begins]]>
            </line>
            <line>
              <![CDATA[##############Clearing the textbox########### ends]]>
            </line>
            <line>
              <![CDATA[##############Entering text as 500089########### end]]>
            </line>
            <line>
              <![CDATA[Taking screenshot for clearancePlease find the attached screenshot <a href="file:///D:\tutor\seleniumBasicsProject/screenshots/screenshots_29_08_2020_12_41_24.png">D:\tutor\seleniumBasicsProject\screenshots\screenshots_29_08_2020_12_41_24.png</a>]]>
            </line>
            <line>
              <![CDATA[UI element website Input TextBox is displaying properly]]>
            </line>
            <line>
              <![CDATA[##############Entering text as www.demoSite.com########### Begins]]>
            </line>
            <line>
              <![CDATA[##############Clearing the textbox########### Begins]]>
            </line>
            <line>
              <![CDATA[##############Clearing the textbox########### ends]]>
            </line>
            <line>
              <![CDATA[##############Entering text as www.demoSite.com########### end]]>
            </line>
            <line>
              <![CDATA[Taking screenshot for clearancePlease find the attached screenshot <a href="file:///D:\tutor\seleniumBasicsProject/screenshots/screenshots_29_08_2020_12_41_24.png">D:\tutor\seleniumBasicsProject\screenshots\screenshots_29_08_2020_12_41_24.png</a>]]>
            </line>
            <line>
              <![CDATA[UI element address Input TextBox is displaying properly]]>
            </line>
            <line>
              <![CDATA[##############Entering text as Chanda Nagar, Hyderabad########### Begins]]>
            </line>
            <line>
              <![CDATA[##############Clearing the textbox########### Begins]]>
            </line>
            <line>
              <![CDATA[##############Clearing the textbox########### ends]]>
            </line>
            <line>
              <![CDATA[##############Entering text as Chanda Nagar, Hyderabad########### end]]>
            </line>
            <line>
              <![CDATA[Taking screenshot for clearancePlease find the attached screenshot <a href="file:///D:\tutor\seleniumBasicsProject/screenshots/screenshots_29_08_2020_12_41_25.png">D:\tutor\seleniumBasicsProject\screenshots\screenshots_29_08_2020_12_41_25.png</a>]]>
            </line>
            <line>
              <![CDATA[UI element phone Input TextBox is displaying properly]]>
            </line>
            <line>
              <![CDATA[##############Entering text as 6261087789########### Begins]]>
            </line>
            <line>
              <![CDATA[##############Clearing the textbox########### Begins]]>
            </line>
            <line>
              <![CDATA[##############Clearing the textbox########### ends]]>
            </line>
            <line>
              <![CDATA[##############Entering text as 6261087789########### end]]>
            </line>
            <line>
              <![CDATA[Taking screenshot for clearancePlease find the attached screenshot <a href="file:///D:\tutor\seleniumBasicsProject/screenshots/screenshots_29_08_2020_12_41_26.png">D:\tutor\seleniumBasicsProject\screenshots\screenshots_29_08_2020_12_41_26.png</a>]]>
            </line>
            <line>
              <![CDATA[UI element city Input TextBox is displaying properly]]>
            </line>
            <line>
              <![CDATA[##############Entering text as Hyderabad########### Begins]]>
            </line>
            <line>
              <![CDATA[##############Clearing the textbox########### Begins]]>
            </line>
            <line>
              <![CDATA[##############Clearing the textbox########### ends]]>
            </line>
            <line>
              <![CDATA[##############Entering text as Hyderabad########### end]]>
            </line>
            <line>
              <![CDATA[Taking screenshot for clearancePlease find the attached screenshot <a href="file:///D:\tutor\seleniumBasicsProject/screenshots/screenshots_29_08_2020_12_41_26.png">D:\tutor\seleniumBasicsProject\screenshots\screenshots_29_08_2020_12_41_26.png</a>]]>
            </line>
            <line>
              <![CDATA[UI element last_name Input TextBox is displaying properly]]>
            </line>
            <line>
              <![CDATA[##############Entering text as Ramisetty########### Begins]]>
            </line>
            <line>
              <![CDATA[##############Clearing the textbox########### Begins]]>
            </line>
            <line>
              <![CDATA[##############Clearing the textbox########### ends]]>
            </line>
            <line>
              <![CDATA[##############Entering text as Ramisetty########### end]]>
            </line>
            <line>
              <![CDATA[Taking screenshot for clearancePlease find the attached screenshot <a href="file:///D:\tutor\seleniumBasicsProject/screenshots/screenshots_29_08_2020_12_41_27.png">D:\tutor\seleniumBasicsProject\screenshots\screenshots_29_08_2020_12_41_27.png</a>]]>
            </line>
            <line>
              <![CDATA[UI element comment Input TextBox is displaying properly]]>
            </line>
            <line>
              <![CDATA[##############Entering text as Added Comment for Automation########### Begins]]>
            </line>
            <line>
              <![CDATA[##############Clearing the textbox########### Begins]]>
            </line>
            <line>
              <![CDATA[##############Clearing the textbox########### ends]]>
            </line>
            <line>
              <![CDATA[##############Entering text as Added Comment for Automation########### end]]>
            </line>
            <line>
              <![CDATA[Taking screenshot for clearancePlease find the attached screenshot <a href="file:///D:\tutor\seleniumBasicsProject/screenshots/screenshots_29_08_2020_12_41_27.png">D:\tutor\seleniumBasicsProject\screenshots\screenshots_29_08_2020_12_41_27.png</a>]]>
            </line>
            <line>
              <![CDATA[UI element first_name Input TextBox is displaying properly]]>
            </line>
            <line>
              <![CDATA[##############Entering text as Naga Raju########### Begins]]>
            </line>
            <line>
              <![CDATA[##############Clearing the textbox########### Begins]]>
            </line>
            <line>
              <![CDATA[##############Clearing the textbox########### ends]]>
            </line>
            <line>
              <![CDATA[##############Entering text as Naga Raju########### end]]>
            </line>
            <line>
              <![CDATA[Taking screenshot for clearancePlease find the attached screenshot <a href="file:///D:\tutor\seleniumBasicsProject/screenshots/screenshots_29_08_2020_12_41_28.png">D:\tutor\seleniumBasicsProject\screenshots\screenshots_29_08_2020_12_41_28.png</a>]]>
            </line>
            <line>
              <![CDATA[UI element email Input TextBox is displaying properly]]>
            </line>
            <line>
              <![CDATA[##############Entering text as nagaraju145@gmail.com########### Begins]]>
            </line>
            <line>
              <![CDATA[##############Clearing the textbox########### Begins]]>
            </line>
            <line>
              <![CDATA[##############Clearing the textbox########### ends]]>
            </line>
            <line>
              <![CDATA[##############Entering text as nagaraju145@gmail.com########### end]]>
            </line>
            <line>
              <![CDATA[Taking screenshot for clearancePlease find the attached screenshot <a href="file:///D:\tutor\seleniumBasicsProject/screenshots/screenshots_29_08_2020_12_41_29.png">D:\tutor\seleniumBasicsProject\screenshots\screenshots_29_08_2020_12_41_29.png</a>]]>
            </line>
          </reporter-output>
        </test-method> <!-- verifySubmitFormUI -->
        <test-method status="PASS" signature="runAfterTest()[pri:0, instance:testScripts.SubmitForm@11438d26]" name="runAfterTest" is-config="true" duration-ms="0" started-at="2020-08-29T07:11:30Z" finished-at="2020-08-29T07:11:30Z">
          <reporter-output>
          </reporter-output>
        </test-method> <!-- runAfterTest -->
        <test-method status="PASS" signature="runAfterMethod()[pri:0, instance:testScripts.SubmitForm@11438d26]" name="runAfterMethod" is-config="true" duration-ms="0" started-at="2020-08-29T07:11:30Z" finished-at="2020-08-29T07:11:30Z">
          <reporter-output>
          </reporter-output>
        </test-method> <!-- runAfterMethod -->
      </class> <!-- testScripts.SubmitForm -->
    </test> <!-- Test -->
  </suite> <!-- Suite -->
</testng-results>
